  Jobfile has been checked. No syntax errors.

*START      
            - no. shots in array         /     1  /  :    (        )
            - no. traces/shot record     /     1  /  :    (    1   )
            - no. samples/trace          /     1  /  :    (  256   )
            - HorizontalSamp             /   10.0 /  :    (        )
            - VerticalSamp               /   1.0  /  :    (        )
 *START                          

*IN         
            - data file      :  (./test.d                          )
            - header file    :  (./HEAD                            )
            - FirstShot                  /     1  /  :    (        )
            - LastShot                   /    -1  /  :    (        )
            - ShotIncrement              /     1  /  :    (        )
            - ShotLocation               /     1  /  :    (        )
            - TracesPerShot              /   -1   /  :    (        )
            - FirstTrace                 /     1  /  :    (        )
            - LastTrace                  /    -1  /  :    (    1   )
            - TraceIncrement             /     1  /  :    (        )
            - TraceLocation              /     1  /  :    (        )
            - Recordlength               /    -1  /  :    (        )
            - FirstSample                /     1  /  :    (        )
            - LastSample                 /    -1  /  :    (        )
            - SampleIncrement            /     1  /  :    (        )
            - SampleLocation             /     1  /  :    (        )
            - Transpose          N                                 )
            - HorizontalSamp             /   -1.0 /  :    (        )
            - VerticalSamp               /   -1.0 /  :    (        )
            - Reverse            N                                 )
 *IN                             
 *IN:  INPUT FILE: /a/und3/home/und3/konaos/model/fdm/test.d                                       
   Header file: /a/und3/home/und3/konaos/model/fdm/HEAD                                         

*MULTIPLY   
            - first  shot  , last shot   /  1,-1  /  :    (        )
            - first  trace , last trace  /  1,-1  /  :    (        )
            - first  sample, last sample /  1,-1  /  :    (        )
            - add constant               /   0.0  /  :    (        )
            - normalize data set N                                 )
            - multiply with ?            /   1.0  /  :    (        )
 *MULTIPLY                       

*UNIOPN     
            - Device            (                                  )
 *UNIOPN                         

*GPLOTT     
            - Pause              N                                 )
            - UpDown             N                                 )
            - LeftRight          Y                                 )
            - XAbsLength                 /  150.0 /  :    (  130.  )
            - XMin                       /  0.0   /  :    ( -320.  )
            - XMax                       /  1.0   /  :    (  320.  )
            - XStep                      /  0.2   /  :    (  100.  )
            - XGridDensity               /  0.0   /  :    (        )
            - XAxisText         (Position (m)                      )
            - YAbsLength                 /  100.0 /  :    (  100.  )
            - YMin                       /  0.0   /  :    (   13.  )
            - YMax                       /  1.0   /  :    (   17.  )
            - YStep                      /  0.1   /  :    (    1.  )
            - YGridDensity               /  0.0   /  :    (        )
            - YAxisText         (Depth (m)                         )
            - ModelFileName     (                                  )
            - PlotIntensity              /  0.1   /  :    (   0.2  )
            - PlotHeadingText   (                                  )
            - TextFontSize               /  5.0   /  :    (   3.0  )
            - FrameThickness             /  0.0   /  :    (        )
            - DigitsRightOfComma         /  1     /  :    (        )
            - TextFont          (                                  )
            - AxisThickness              /  0.2   /  :    (   0.3  )
            - OrigoValue                 /  0.0   /  :    (        )
            - LnTyp1                     /  0     /  :    (        )
            - LnTyp2                     /  7     /  :    (        )
            - LnTyp3                     /  2     /  :    (        )
            - LnTyp4                     /  10    /  :    (        )
            - LnTyp5                     /  9     /  :    (        )
            - LnTyp6                     /  1     /  :    (        )
            - LnTyp7                     /  8     /  :    (        )
            - LnTyp8                     /  6     /  :    (        )
            - LnTyp9                     /  5     /  :    (        )
            - LnTyp10                    /  4     /  :    (        )
            - AnnotationTopXAxis N                                 )
            - AnnotationBotXAxis Y                                 )
            - AnnotationRightYAxiN                                 )
            - AnnotationLeftYAxisY                                 )
            - XAxisTextPosition          /  15.0  /  :    (        )
            - YAxisTextPosition          /  25.0  /  :    (        )
 *GPLOTT                         

*UNICLS     
 *UNICLS                         
